<?xml version="1.0" encoding="UTF-8"?>
<!-- Generated by org.testng.reporters.JUnitReportReporter -->
<testsuite hostname="DESKTOP-TRG2LQJ" failures="0" tests="1" name="CCT.testcases.CreateAccount" time="1.269" errors="0" timestamp="05 Apr 2024 08:24:44 GMT" skipped="0">
  <testcase classname="CCT.testcases.CreateAccount" name="createAccountTest" time="1.269"/>
</testsuite> <!-- CCT.testcases.CreateAccount -->
