<?xml version="1.0" encoding="UTF-8"?>
<!-- Generated by org.testng.reporters.JUnitReportReporter -->
<testsuite hostname="DESKTOP-TRG2LQJ" failures="0" tests="1" name="CCT.testcases.SignInTest" time="4.837" errors="0" timestamp="06 Apr 2024 11:48:00 GMT" skipped="0">
  <testcase classname="CCT.testcases.SignInTest" name="signInTest" time="4.837"/>
</testsuite> <!-- CCT.testcases.SignInTest -->
